<?xml version="1.0" encoding="UTF-8"?>
<!-- Generated by org.testng.reporters.JUnitXMLReporter -->
<testsuite hostname="smily" ignored="0" name="Test" tests="4" failures="1" timestamp="04 Oct 2020 17:30:59 GMT" time="52.069" errors="0">
  <testcase name="TestCase1" time="7.308" classname="testNGTest.TestNG_Test"/>
  <testcase name="TestCase2" time="7.136" classname="testNGTest.TestNG_Test">
    <failure type="java.lang.AssertionError" message="Test Failed: No element found expected [String] but found [String123]">
      <![CDATA[java.lang.AssertionError: Test Failed: No element found expected [String] but found [String123]
at testNGTest.TestNG_Test.TestCase2(TestNG_Test.java:60)
... Removed 30 stack frames]]>
    </failure>
  </testcase> <!-- TestCase2 -->
  <testcase name="TestCase3" time="8.143" classname="testNGTest.TestNG_Test"/>
  <testcase name="TestCase4" time="5.845" classname="testNGTest.TestNG_Test"/>
</testsuite> <!-- Test -->
