<?xml version="1.0" encoding="UTF-8"?>
<testng-results skipped="0" failed="1" ignored="0" total="4" passed="3">
  <reporter-output>
  </reporter-output>
  <suite name="Suite" duration-ms="75050" started-at="2020-10-04T17:31:10Z" finished-at="2020-10-04T17:32:25Z">
    <groups>
    </groups>
    <test name="Test" duration-ms="75050" started-at="2020-10-04T17:31:10Z" finished-at="2020-10-04T17:32:25Z">
      <class name="testNGTest.TestNG_Test">
        <test-method status="PASS" signature="setupSuit()[pri:0, instance:testNGTest.TestNG_Test@464bee09]" name="setupSuit" is-config="true" duration-ms="19" started-at="2020-10-04T17:31:10Z" finished-at="2020-10-04T17:31:10Z">
          <reporter-output>
          </reporter-output>
        </test-method> <!-- setupSuit -->
        <test-method status="PASS" signature="setupTests()[pri:0, instance:testNGTest.TestNG_Test@464bee09]" name="setupTests" is-config="true" duration-ms="2" started-at="2020-10-04T17:31:10Z" finished-at="2020-10-04T17:31:10Z">
          <reporter-output>
          </reporter-output>
        </test-method> <!-- setupTests -->
        <test-method status="PASS" signature="setupClass()[pri:0, instance:testNGTest.TestNG_Test@464bee09]" name="setupClass" is-config="true" duration-ms="0" started-at="2020-10-04T17:31:10Z" finished-at="2020-10-04T17:31:10Z">
          <reporter-output>
          </reporter-output>
        </test-method> <!-- setupClass -->
        <test-method status="PASS" signature="setupMethod()[pri:0, instance:testNGTest.TestNG_Test@464bee09]" name="setupMethod" is-config="true" duration-ms="4597" started-at="2020-10-04T17:31:10Z" finished-at="2020-10-04T17:31:14Z">
          <reporter-output>
          </reporter-output>
        </test-method> <!-- setupMethod -->
        <test-method status="PASS" signature="TestCase1()[pri:0, instance:testNGTest.TestNG_Test@464bee09]" name="TestCase1" duration-ms="7565" started-at="2020-10-04T17:31:14Z" finished-at="2020-10-04T17:31:22Z">
          <reporter-output>
          </reporter-output>
        </test-method> <!-- TestCase1 -->
        <test-method status="PASS" signature="WindUpMethodSetUp()[pri:0, instance:testNGTest.TestNG_Test@464bee09]" name="WindUpMethodSetUp" is-config="true" duration-ms="2261" started-at="2020-10-04T17:31:22Z" finished-at="2020-10-04T17:31:24Z">
          <reporter-output>
          </reporter-output>
        </test-method> <!-- WindUpMethodSetUp -->
        <test-method status="PASS" signature="setupMethod()[pri:0, instance:testNGTest.TestNG_Test@464bee09]" name="setupMethod" is-config="true" duration-ms="3576" started-at="2020-10-04T17:31:24Z" finished-at="2020-10-04T17:31:28Z">
          <reporter-output>
          </reporter-output>
        </test-method> <!-- setupMethod -->
        <test-method status="FAIL" signature="TestCase2()[pri:0, instance:testNGTest.TestNG_Test@464bee09]" name="TestCase2" duration-ms="22184" started-at="2020-10-04T17:31:28Z" finished-at="2020-10-04T17:31:50Z">
          <exception class="java.lang.AssertionError">
            <message>
              <![CDATA[Test Failed: No element found expected [String] but found [String123]]]>
            </message>
            <full-stacktrace>
              <![CDATA[java.lang.AssertionError: Test Failed: No element found expected [String] but found [String123]
at org.testng.Assert.fail(Assert.java:96)
at org.testng.Assert.failNotEquals(Assert.java:776)
at org.testng.Assert.assertEqualsImpl(Assert.java:137)
at org.testng.Assert.assertEquals(Assert.java:118)
at org.testng.Assert.assertEquals(Assert.java:453)
at testNGTest.TestNG_Test.TestCase2(TestNG_Test.java:60)
at sun.reflect.NativeMethodAccessorImpl.invoke0(Native Method)
at sun.reflect.NativeMethodAccessorImpl.invoke(Unknown Source)
at sun.reflect.DelegatingMethodAccessorImpl.invoke(Unknown Source)
at java.lang.reflect.Method.invoke(Unknown Source)
at org.testng.internal.MethodInvocationHelper.invokeMethod(MethodInvocationHelper.java:124)
at org.testng.internal.Invoker.invokeMethod(Invoker.java:583)
at org.testng.internal.Invoker.invokeTestMethod(Invoker.java:719)
at org.testng.internal.Invoker.invokeTestMethods(Invoker.java:989)
at org.testng.internal.TestMethodWorker.invokeTestMethods(TestMethodWorker.java:125)
at org.testng.internal.TestMethodWorker.run(TestMethodWorker.java:109)
at org.testng.TestRunner.privateRun(TestRunner.java:648)
at org.testng.TestRunner.run(TestRunner.java:505)
at org.testng.SuiteRunner.runTest(SuiteRunner.java:455)
at org.testng.SuiteRunner.runSequentially(SuiteRunner.java:450)
at org.testng.SuiteRunner.privateRun(SuiteRunner.java:415)
at org.testng.SuiteRunner.run(SuiteRunner.java:364)
at org.testng.SuiteRunnerWorker.runSuite(SuiteRunnerWorker.java:52)
at org.testng.SuiteRunnerWorker.run(SuiteRunnerWorker.java:84)
at org.testng.TestNG.runSuitesSequentially(TestNG.java:1208)
at org.testng.TestNG.runSuitesLocally(TestNG.java:1137)
at org.testng.TestNG.runSuites(TestNG.java:1049)
at org.testng.TestNG.run(TestNG.java:1017)
at org.testng.remote.AbstractRemoteTestNG.run(AbstractRemoteTestNG.java:114)
at org.testng.remote.RemoteTestNG.initAndRun(RemoteTestNG.java:251)
at org.testng.remote.RemoteTestNG.main(RemoteTestNG.java:77)
]]>
            </full-stacktrace>
          </exception> <!-- java.lang.AssertionError -->
          <reporter-output>
          </reporter-output>
        </test-method> <!-- TestCase2 -->
        <test-method status="PASS" signature="WindUpMethodSetUp()[pri:0, instance:testNGTest.TestNG_Test@464bee09]" name="WindUpMethodSetUp" is-config="true" duration-ms="2175" started-at="2020-10-04T17:31:50Z" finished-at="2020-10-04T17:31:52Z">
          <reporter-output>
          </reporter-output>
        </test-method> <!-- WindUpMethodSetUp -->
        <test-method status="PASS" signature="setupMethod()[pri:0, instance:testNGTest.TestNG_Test@464bee09]" name="setupMethod" is-config="true" duration-ms="3506" started-at="2020-10-04T17:31:52Z" finished-at="2020-10-04T17:31:56Z">
          <reporter-output>
          </reporter-output>
        </test-method> <!-- setupMethod -->
        <test-method status="PASS" signature="TestCase3()[pri:0, instance:testNGTest.TestNG_Test@464bee09]" name="TestCase3" duration-ms="7561" started-at="2020-10-04T17:31:56Z" finished-at="2020-10-04T17:32:03Z">
          <reporter-output>
          </reporter-output>
        </test-method> <!-- TestCase3 -->
        <test-method status="PASS" signature="WindUpMethodSetUp()[pri:0, instance:testNGTest.TestNG_Test@464bee09]" name="WindUpMethodSetUp" is-config="true" duration-ms="2154" started-at="2020-10-04T17:32:03Z" finished-at="2020-10-04T17:32:05Z">
          <reporter-output>
          </reporter-output>
        </test-method> <!-- WindUpMethodSetUp -->
        <test-method status="PASS" signature="setupMethod()[pri:0, instance:testNGTest.TestNG_Test@464bee09]" name="setupMethod" is-config="true" duration-ms="3465" started-at="2020-10-04T17:32:05Z" finished-at="2020-10-04T17:32:09Z">
          <reporter-output>
          </reporter-output>
        </test-method> <!-- setupMethod -->
        <test-method status="PASS" signature="TestCase4()[pri:0, instance:testNGTest.TestNG_Test@464bee09]" name="TestCase4" duration-ms="13799" started-at="2020-10-04T17:32:09Z" finished-at="2020-10-04T17:32:23Z">
          <reporter-output>
          </reporter-output>
        </test-method> <!-- TestCase4 -->
        <test-method status="PASS" signature="WindUpMethodSetUp()[pri:0, instance:testNGTest.TestNG_Test@464bee09]" name="WindUpMethodSetUp" is-config="true" duration-ms="2156" started-at="2020-10-04T17:32:23Z" finished-at="2020-10-04T17:32:25Z">
          <reporter-output>
          </reporter-output>
        </test-method> <!-- WindUpMethodSetUp -->
        <test-method status="PASS" signature="WindUpClassSetUp()[pri:0, instance:testNGTest.TestNG_Test@464bee09]" name="WindUpClassSetUp" is-config="true" duration-ms="2" started-at="2020-10-04T17:32:25Z" finished-at="2020-10-04T17:32:25Z">
          <reporter-output>
          </reporter-output>
        </test-method> <!-- WindUpClassSetUp -->
        <test-method status="PASS" signature="WindUpTestsSetUp()[pri:0, instance:testNGTest.TestNG_Test@464bee09]" name="WindUpTestsSetUp" is-config="true" duration-ms="0" started-at="2020-10-04T17:32:25Z" finished-at="2020-10-04T17:32:25Z">
          <reporter-output>
          </reporter-output>
        </test-method> <!-- WindUpTestsSetUp -->
        <test-method status="PASS" signature="WindUpSuitSetUp()[pri:0, instance:testNGTest.TestNG_Test@464bee09]" name="WindUpSuitSetUp" is-config="true" duration-ms="1" started-at="2020-10-04T17:32:25Z" finished-at="2020-10-04T17:32:25Z">
          <reporter-output>
          </reporter-output>
        </test-method> <!-- WindUpSuitSetUp -->
      </class> <!-- testNGTest.TestNG_Test -->
    </test> <!-- Test -->
  </suite> <!-- Suite -->
</testng-results>
