<?xml version="1.0" encoding="UTF-8"?>
<!-- Generated by org.testng.reporters.JUnitXMLReporter -->
<testsuite hostname="smily" ignored="0" name="Test" tests="5" failures="1" timestamp="23 Sep 2020 12:58:54 GMT" time="81.718" errors="0">
  <testcase name="TestCase1" time="7.333" classname="testNGTest.TestNG_Test"/>
  <testcase name="TestCase2" time="7.883" classname="testNGTest.TestNG_Test">
    <skipped/>
  </testcase> <!-- TestCase2 -->
  <testcase name="TestCase2" time="7.132" classname="testNGTest.TestNG_Test">
    <failure type="java.lang.AssertionError" message="Test Failed: No element found expected [String] but found [String123]">
      <![CDATA[java.lang.AssertionError: Test Failed: No element found expected [String] but found [String123]
at testNGTest.TestNG_Test.TestCase2(TestNG_Test.java:61)
... Removed 30 stack frames]]>
    </failure>
  </testcase> <!-- TestCase2 -->
  <testcase name="TestCase3" time="26.612" classname="testNGTest.TestNG_Test"/>
  <testcase name="TestCase4" time="3.987" classname="testNGTest.TestNG_Test"/>
</testsuite> <!-- Test -->
